  glad.c
  BatchRenderScene.cpp
c:\users\joao_\desktop\programming\codes\c++ codes\opengl\opengl\batchrenderscene.cpp(14): warning C4305: 'initializing': truncation from 'double' to 'float'
c:\users\joao_\desktop\programming\codes\c++ codes\opengl\opengl\batchrenderscene.cpp(19): warning C4244: 'argument': conversion from 'time_t' to 'unsigned int', possible loss of data
c:\users\joao_\desktop\programming\codes\c++ codes\opengl\opengl\batchrenderscene.cpp(22): warning C4244: 'initializing': conversion from 'float' to 'unsigned int', possible loss of data
c:\users\joao_\desktop\programming\codes\c++ codes\opengl\opengl\batchrenderscene.cpp(23): warning C4244: 'initializing': conversion from 'float' to 'unsigned int', possible loss of data
c:\users\joao_\desktop\programming\codes\c++ codes\opengl\opengl\batchrenderscene.cpp(82): warning C4244: 'initializing': conversion from 'float' to 'unsigned int', possible loss of data
c:\users\joao_\desktop\programming\codes\c++ codes\opengl\opengl\batchrenderscene.cpp(83): warning C4244: 'initializing': conversion from 'float' to 'unsigned int', possible loss of data
  Game.cpp
  Gldebug.cpp
  IndexBuffer.cpp
  Main.cpp
  Menu.cpp
  Renderer.cpp
  Shader.cpp
  TestScene.cpp
  Texture.cpp
  Texture2D.cpp
  VertexArray.cpp
  VertexBuffer.cpp
  imgui_impl_opengl3.cpp
  Generating code
  15 of 1989 functions ( 0.8%) were compiled, the rest were copied from previous compilation.
    0 functions were new in current compilation
    3 functions had inline decision re-evaluated but remain unchanged
  Finished generating code
  OpenGL.vcxproj -> C:\Users\joao_\Desktop\Programming\codes\C++ codes\OpenGL\Release\OpenGL.exe
