c:\users\joao_\desktop\programming\codes\c++ codes\opengl\opengl\x64\debug\vc141.pdb
c:\users\joao_\desktop\programming\codes\c++ codes\opengl\opengl\x64\debug\vc141.idb
c:\users\joao_\desktop\programming\codes\c++ codes\opengl\opengl\x64\debug\glad.obj
c:\users\joao_\desktop\programming\codes\c++ codes\opengl\opengl\x64\debug\imgui_draw.obj
c:\users\joao_\desktop\programming\codes\c++ codes\opengl\opengl\x64\debug\imgui_demo.obj
c:\users\joao_\desktop\programming\codes\c++ codes\opengl\opengl\x64\debug\imgui.obj
c:\users\joao_\desktop\programming\codes\c++ codes\opengl\opengl\x64\debug\vertexbuffer.obj
c:\users\joao_\desktop\programming\codes\c++ codes\opengl\opengl\x64\debug\vertexarray.obj
c:\users\joao_\desktop\programming\codes\c++ codes\opengl\opengl\x64\debug\texture2d.obj
c:\users\joao_\desktop\programming\codes\c++ codes\opengl\opengl\x64\debug\texture.obj
c:\users\joao_\desktop\programming\codes\c++ codes\opengl\opengl\x64\debug\sprite.obj
c:\users\joao_\desktop\programming\codes\c++ codes\opengl\opengl\x64\debug\shader.obj
c:\users\joao_\desktop\programming\codes\c++ codes\opengl\opengl\x64\debug\scene.obj
c:\users\joao_\desktop\programming\codes\c++ codes\opengl\opengl\x64\debug\renderer.obj
c:\users\joao_\desktop\programming\codes\c++ codes\opengl\opengl\x64\debug\render3dscene.obj
c:\users\joao_\desktop\programming\codes\c++ codes\opengl\opengl\x64\debug\model3d.obj
c:\users\joao_\desktop\programming\codes\c++ codes\opengl\opengl\x64\debug\menu.obj
c:\users\joao_\desktop\programming\codes\c++ codes\opengl\opengl\x64\debug\math.obj
c:\users\joao_\desktop\programming\codes\c++ codes\opengl\opengl\x64\debug\main.obj
c:\users\joao_\desktop\programming\codes\c++ codes\opengl\opengl\x64\debug\indexbuffer.obj
c:\users\joao_\desktop\programming\codes\c++ codes\opengl\opengl\x64\debug\gldebug.obj
c:\users\joao_\desktop\programming\codes\c++ codes\opengl\opengl\x64\debug\game.obj
c:\users\joao_\desktop\programming\codes\c++ codes\opengl\opengl\x64\debug\batchrenderscene.obj
c:\users\joao_\desktop\programming\codes\c++ codes\opengl\opengl\x64\debug\stb_image.obj
c:\users\joao_\desktop\programming\codes\c++ codes\opengl\opengl\x64\debug\imgui_widgets.obj
c:\users\joao_\desktop\programming\codes\c++ codes\opengl\opengl\x64\debug\imgui_impl_opengl3.obj
c:\users\joao_\desktop\programming\codes\c++ codes\opengl\opengl\x64\debug\imgui_impl_glfw.obj
c:\users\joao_\desktop\programming\codes\c++ codes\opengl\opengl\x64\debug\camera.obj
c:\users\joao_\desktop\programming\codes\c++ codes\opengl\opengl\x64\debug\input.obj
c:\users\joao_\desktop\programming\codes\c++ codes\opengl\x64\debug\opengl.exe
c:\users\joao_\desktop\programming\codes\c++ codes\opengl\x64\debug\opengl.ilk
c:\users\joao_\desktop\programming\codes\c++ codes\opengl\x64\debug\opengl.pdb
c:\users\joao_\desktop\programming\codes\c++ codes\opengl\opengl\x64\debug\opengl.tlog\cl.command.1.tlog
c:\users\joao_\desktop\programming\codes\c++ codes\opengl\opengl\x64\debug\opengl.tlog\cl.read.1.tlog
c:\users\joao_\desktop\programming\codes\c++ codes\opengl\opengl\x64\debug\opengl.tlog\cl.write.1.tlog
c:\users\joao_\desktop\programming\codes\c++ codes\opengl\opengl\x64\debug\opengl.tlog\link.command.1.tlog
c:\users\joao_\desktop\programming\codes\c++ codes\opengl\opengl\x64\debug\opengl.tlog\link.read.1.tlog
c:\users\joao_\desktop\programming\codes\c++ codes\opengl\opengl\x64\debug\opengl.tlog\link.write.1.tlog
