c:\users\joao_\onedrive\área de trabalho\codes\codes\c++ codes\opengl\opengl\debug\vc141.pdb
c:\users\joao_\onedrive\área de trabalho\codes\codes\c++ codes\opengl\opengl\debug\vc141.idb
c:\users\joao_\onedrive\área de trabalho\codes\codes\c++ codes\opengl\opengl\debug\vertexbuffer.obj
c:\users\joao_\onedrive\área de trabalho\codes\codes\c++ codes\opengl\opengl\debug\vertexarray.obj
c:\users\joao_\onedrive\área de trabalho\codes\codes\c++ codes\opengl\opengl\debug\texture2d.obj
c:\users\joao_\onedrive\área de trabalho\codes\codes\c++ codes\opengl\opengl\debug\texture.obj
c:\users\joao_\onedrive\área de trabalho\codes\codes\c++ codes\opengl\opengl\debug\stb_image.obj
c:\users\joao_\onedrive\área de trabalho\codes\codes\c++ codes\opengl\opengl\debug\shader.obj
c:\users\joao_\onedrive\área de trabalho\codes\codes\c++ codes\opengl\opengl\debug\renderer.obj
c:\users\joao_\onedrive\área de trabalho\codes\codes\c++ codes\opengl\opengl\debug\math.obj
c:\users\joao_\onedrive\área de trabalho\codes\codes\c++ codes\opengl\opengl\debug\main.obj
c:\users\joao_\onedrive\área de trabalho\codes\codes\c++ codes\opengl\opengl\debug\indexbuffer.obj
c:\users\joao_\onedrive\área de trabalho\codes\codes\c++ codes\opengl\opengl\debug\imgui_widgets.obj
c:\users\joao_\onedrive\área de trabalho\codes\codes\c++ codes\opengl\opengl\debug\imgui_impl_opengl3.obj
c:\users\joao_\onedrive\área de trabalho\codes\codes\c++ codes\opengl\opengl\debug\imgui_impl_glfw.obj
c:\users\joao_\onedrive\área de trabalho\codes\codes\c++ codes\opengl\opengl\debug\imgui_draw.obj
c:\users\joao_\onedrive\área de trabalho\codes\codes\c++ codes\opengl\opengl\debug\imgui_demo.obj
c:\users\joao_\onedrive\área de trabalho\codes\codes\c++ codes\opengl\opengl\debug\scene.obj
c:\users\joao_\onedrive\área de trabalho\codes\codes\c++ codes\opengl\opengl\debug\menu.obj
c:\users\joao_\onedrive\área de trabalho\codes\codes\c++ codes\opengl\opengl\debug\imgui.obj
c:\users\joao_\onedrive\área de trabalho\codes\codes\c++ codes\opengl\opengl\debug\gldebug.obj
c:\users\joao_\onedrive\área de trabalho\codes\codes\c++ codes\opengl\opengl\debug\game.obj
c:\users\joao_\onedrive\área de trabalho\codes\codes\c++ codes\opengl\opengl\debug\batchrenderer.obj
c:\users\joao_\onedrive\área de trabalho\codes\codes\c++ codes\opengl\opengl\debug\batchrenderscene.obj
c:\users\joao_\onedrive\área de trabalho\codes\codes\c++ codes\opengl\debug\opengl.exe
c:\users\joao_\onedrive\área de trabalho\codes\codes\c++ codes\opengl\debug\opengl.ilk
c:\users\joao_\onedrive\área de trabalho\codes\codes\c++ codes\opengl\debug\opengl.pdb
c:\users\joao_\onedrive\área de trabalho\codes\codes\c++ codes\opengl\opengl\debug\vertexbuffercpp.obj
c:\users\joao_\onedrive\área de trabalho\codes\codes\c++ codes\opengl\opengl\debug\opengl.tlog\cl.command.1.tlog
c:\users\joao_\onedrive\área de trabalho\codes\codes\c++ codes\opengl\opengl\debug\opengl.tlog\cl.read.1.tlog
c:\users\joao_\onedrive\área de trabalho\codes\codes\c++ codes\opengl\opengl\debug\opengl.tlog\cl.write.1.tlog
c:\users\joao_\onedrive\área de trabalho\codes\codes\c++ codes\opengl\opengl\debug\opengl.tlog\link.command.1.tlog
c:\users\joao_\onedrive\área de trabalho\codes\codes\c++ codes\opengl\opengl\debug\opengl.tlog\link.read.1.tlog
c:\users\joao_\onedrive\área de trabalho\codes\codes\c++ codes\opengl\opengl\debug\opengl.tlog\link.write.1.tlog
