  Game.cpp
  Gldebug.cpp
  imgui.cpp
  imgui_demo.cpp
  imgui_draw.cpp
  imgui_impl_opengl3.cpp
  imgui_widgets.cpp
  IndexBuffer.cpp
  Main.cpp
  Math.cpp
  Renderer.cpp
  Shader.cpp
  stb_image.cpp
  Texture.cpp
  VertexArray.cpp
  VertexBuffer.cpp
  Generating Code...
LINK : warning LNK4098: defaultlib 'MSVCRT' conflicts with use of other libs; use /NODEFAULTLIB:library
LINK : warning LNK4098: defaultlib 'LIBCMT' conflicts with use of other libs; use /NODEFAULTLIB:library
glew32s.lib(glew.obj) : warning LNK4099: PDB 'vc120.pdb' was not found with 'glew32s.lib(glew.obj)' or at 'C:\Users\joao_\Desktop\Programming\codes\C++ codes\OpenGL\Debug\vc120.pdb'; linking object as if no debug info
  OpenGL.vcxproj -> C:\Users\joao_\Desktop\Programming\codes\C++ codes\OpenGL\Debug\OpenGL.exe
